[0.007s] Invoking command in '/root/ros2_ws/build/my_minimal_pkg': /usr/bin/cmake /root/ros2_ws/src -DCATKIN_INSTALL_INTO_PREFIX_ROOT=0 -DCATKIN_SYMLINK_INSTALL=ON -DCMAKE_INSTALL_PREFIX=/root/ros2_ws/install/my_minimal_pkg
[0.062s] -- The C compiler identification is GNU 11.4.0
[0.097s] -- The CXX compiler identification is GNU 11.4.0
[0.103s] -- Detecting C compiler ABI info
[0.152s] -- Detecting C compiler ABI info - done
[0.157s] -- Check for working C compiler: /usr/bin/cc - skipped
[0.157s] -- Detecting C compile features
[0.158s] -- Detecting C compile features - done
[0.160s] -- Detecting CXX compiler ABI info
[0.214s] -- Detecting CXX compiler ABI info - done
[0.219s] -- Check for working CXX compiler: /usr/bin/c++ - skipped
[0.219s] -- Detecting CXX compile features
[0.220s] -- Detecting CXX compile features - done
[0.225s] -- Found ament_cmake: 1.3.12 (/opt/ros/humble/share/ament_cmake/cmake)
[0.278s] -- Found Python3: /usr/bin/python3 (found version "3.10.12") found components: Interpreter 
[0.322s] -- Found rclcpp: 16.0.14 (/opt/ros/humble/share/rclcpp/cmake)
[0.345s] -- Found rosidl_generator_c: 3.1.7 (/opt/ros/humble/share/rosidl_generator_c/cmake)
[0.347s] -- Found rosidl_adapter: 3.1.7 (/opt/ros/humble/share/rosidl_adapter/cmake)
[0.352s] -- Found rosidl_generator_cpp: 3.1.7 (/opt/ros/humble/share/rosidl_generator_cpp/cmake)
[0.358s] -- Using all available rosidl_typesupport_c: rosidl_typesupport_fastrtps_c;rosidl_typesupport_introspection_c
[0.366s] -- Using all available rosidl_typesupport_cpp: rosidl_typesupport_fastrtps_cpp;rosidl_typesupport_introspection_cpp
[0.388s] -- Found rmw_implementation_cmake: 6.1.2 (/opt/ros/humble/share/rmw_implementation_cmake/cmake)
[0.389s] -- Found rmw_fastrtps_cpp: 6.2.8 (/opt/ros/humble/share/rmw_fastrtps_cpp/cmake)
[0.407s] -- Found OpenSSL: /usr/lib/aarch64-linux-gnu/libcrypto.so (found version "3.0.2")  
[0.414s] -- Found FastRTPS: /opt/ros/humble/include  
[0.422s] -- Using RMW implementation 'rmw_fastrtps_cpp' as default
[0.428s] -- Looking for pthread.h
[0.476s] -- Looking for pthread.h - found
[0.477s] -- Performing Test CMAKE_HAVE_LIBC_PTHREAD
[0.522s] -- Performing Test CMAKE_HAVE_LIBC_PTHREAD - Success
[0.522s] -- Found Threads: TRUE  
[0.590s] -- Configuring done
[0.607s] -- Generating done
[0.610s] [33mCMake Warning:
[0.610s]   Manually-specified variables were not used by the project:
[0.611s] 
[0.611s]     CATKIN_INSTALL_INTO_PREFIX_ROOT
[0.611s]     CATKIN_SYMLINK_INSTALL
[0.611s] 
[0.612s] [0m
[0.618s] -- Build files have been written to: /root/ros2_ws/build/my_minimal_pkg
[0.619s] Invoked command in '/root/ros2_ws/build/my_minimal_pkg' returned '0': /usr/bin/cmake /root/ros2_ws/src -DCATKIN_INSTALL_INTO_PREFIX_ROOT=0 -DCATKIN_SYMLINK_INSTALL=ON -DCMAKE_INSTALL_PREFIX=/root/ros2_ws/install/my_minimal_pkg
[0.621s] Invoking command in '/root/ros2_ws/build/my_minimal_pkg': /usr/bin/cmake --build /root/ros2_ws/build/my_minimal_pkg -- -j12 -l12
[0.641s] [ 50%] [32mBuilding CXX object CMakeFiles/talker.dir/src/talker.cpp.o[0m
[2.277s] [100%] [32m[1mLinking CXX executable talker[0m
[2.388s] [100%] Built target talker
[2.393s] Invoked command in '/root/ros2_ws/build/my_minimal_pkg' returned '0': /usr/bin/cmake --build /root/ros2_ws/build/my_minimal_pkg -- -j12 -l12
[2.398s] Invoking command in '/root/ros2_ws/build/my_minimal_pkg': /usr/bin/cmake --install /root/ros2_ws/build/my_minimal_pkg
[2.401s] -- Install configuration: ""
[2.402s] -- Installing: /root/ros2_ws/install/my_minimal_pkg/lib/my_minimal_pkg/talker
[2.411s] -- Set runtime path of "/root/ros2_ws/install/my_minimal_pkg/lib/my_minimal_pkg/talker" to ""
[2.412s] -- Installing: /root/ros2_ws/install/my_minimal_pkg/share/ament_index/resource_index/package_run_dependencies/my_minimal_pkg
[2.413s] -- Installing: /root/ros2_ws/install/my_minimal_pkg/share/ament_index/resource_index/parent_prefix_path/my_minimal_pkg
[2.415s] -- Installing: /root/ros2_ws/install/my_minimal_pkg/share/my_minimal_pkg/environment/ament_prefix_path.sh
[2.416s] -- Installing: /root/ros2_ws/install/my_minimal_pkg/share/my_minimal_pkg/environment/ament_prefix_path.dsv
[2.417s] -- Installing: /root/ros2_ws/install/my_minimal_pkg/share/my_minimal_pkg/environment/path.sh
[2.418s] -- Installing: /root/ros2_ws/install/my_minimal_pkg/share/my_minimal_pkg/environment/path.dsv
[2.419s] -- Installing: /root/ros2_ws/install/my_minimal_pkg/share/my_minimal_pkg/local_setup.bash
[2.420s] -- Installing: /root/ros2_ws/install/my_minimal_pkg/share/my_minimal_pkg/local_setup.sh
[2.421s] -- Installing: /root/ros2_ws/install/my_minimal_pkg/share/my_minimal_pkg/local_setup.zsh
[2.422s] -- Installing: /root/ros2_ws/install/my_minimal_pkg/share/my_minimal_pkg/local_setup.dsv
[2.423s] -- Installing: /root/ros2_ws/install/my_minimal_pkg/share/my_minimal_pkg/package.dsv
[2.424s] -- Installing: /root/ros2_ws/install/my_minimal_pkg/share/ament_index/resource_index/packages/my_minimal_pkg
[2.425s] -- Installing: /root/ros2_ws/install/my_minimal_pkg/share/my_minimal_pkg/cmake/my_minimal_pkgConfig.cmake
[2.426s] -- Installing: /root/ros2_ws/install/my_minimal_pkg/share/my_minimal_pkg/cmake/my_minimal_pkgConfig-version.cmake
[2.427s] -- Installing: /root/ros2_ws/install/my_minimal_pkg/share/my_minimal_pkg/package.xml
[2.429s] Invoked command in '/root/ros2_ws/build/my_minimal_pkg' returned '0': /usr/bin/cmake --install /root/ros2_ws/build/my_minimal_pkg
