[0.006s] Invoking command in '/root/ros2_ws/build/my_minimal_pkg': /usr/bin/cmake --build /root/ros2_ws/build/my_minimal_pkg -- -j12 -l12
[0.033s] [100%] Built target talker
[0.038s] Invoked command in '/root/ros2_ws/build/my_minimal_pkg' returned '0': /usr/bin/cmake --build /root/ros2_ws/build/my_minimal_pkg -- -j12 -l12
[0.042s] Invoking command in '/root/ros2_ws/build/my_minimal_pkg': /usr/bin/cmake --install /root/ros2_ws/build/my_minimal_pkg
[0.046s] -- Install configuration: ""
[0.046s] -- Up-to-date: /root/ros2_ws/install/my_minimal_pkg/lib/my_minimal_pkg/talker
[0.047s] -- Up-to-date: /root/ros2_ws/install/my_minimal_pkg/share/ament_index/resource_index/package_run_dependencies/my_minimal_pkg
[0.047s] -- Up-to-date: /root/ros2_ws/install/my_minimal_pkg/share/ament_index/resource_index/parent_prefix_path/my_minimal_pkg
[0.047s] -- Up-to-date: /root/ros2_ws/install/my_minimal_pkg/share/my_minimal_pkg/environment/ament_prefix_path.sh
[0.048s] -- Up-to-date: /root/ros2_ws/install/my_minimal_pkg/share/my_minimal_pkg/environment/ament_prefix_path.dsv
[0.048s] -- Up-to-date: /root/ros2_ws/install/my_minimal_pkg/share/my_minimal_pkg/environment/path.sh
[0.048s] -- Up-to-date: /root/ros2_ws/install/my_minimal_pkg/share/my_minimal_pkg/environment/path.dsv
[0.048s] -- Up-to-date: /root/ros2_ws/install/my_minimal_pkg/share/my_minimal_pkg/local_setup.bash
[0.049s] -- Up-to-date: /root/ros2_ws/install/my_minimal_pkg/share/my_minimal_pkg/local_setup.sh
[0.049s] -- Up-to-date: /root/ros2_ws/install/my_minimal_pkg/share/my_minimal_pkg/local_setup.zsh
[0.049s] -- Up-to-date: /root/ros2_ws/install/my_minimal_pkg/share/my_minimal_pkg/local_setup.dsv
[0.049s] -- Installing: /root/ros2_ws/install/my_minimal_pkg/share/my_minimal_pkg/package.dsv
[0.051s] -- Up-to-date: /root/ros2_ws/install/my_minimal_pkg/share/ament_index/resource_index/packages/my_minimal_pkg
[0.051s] -- Up-to-date: /root/ros2_ws/install/my_minimal_pkg/share/my_minimal_pkg/cmake/my_minimal_pkgConfig.cmake
[0.051s] -- Up-to-date: /root/ros2_ws/install/my_minimal_pkg/share/my_minimal_pkg/cmake/my_minimal_pkgConfig-version.cmake
[0.052s] -- Up-to-date: /root/ros2_ws/install/my_minimal_pkg/share/my_minimal_pkg/package.xml
[0.053s] Invoked command in '/root/ros2_ws/build/my_minimal_pkg' returned '0': /usr/bin/cmake --install /root/ros2_ws/build/my_minimal_pkg
