[0.007s] Invoking command in '/root/ros2_ws/build/my_minimal_pkg': /usr/bin/cmake --build /root/ros2_ws/build/my_minimal_pkg -- -j12 -l12
[0.032s] [35m[1mConsolidate compiler generated dependencies of target talker[0m
[0.083s] [100%] Built target talker
[0.088s] Invoked command in '/root/ros2_ws/build/my_minimal_pkg' returned '0': /usr/bin/cmake --build /root/ros2_ws/build/my_minimal_pkg -- -j12 -l12
[0.094s] Invoking command in '/root/ros2_ws/build/my_minimal_pkg': /usr/bin/cmake --install /root/ros2_ws/build/my_minimal_pkg
[0.097s] -- Install configuration: ""
[0.098s] -- Up-to-date: /root/ros2_ws/install/my_minimal_pkg/lib/my_minimal_pkg/talker
[0.098s] -- Up-to-date: /root/ros2_ws/install/my_minimal_pkg/share/ament_index/resource_index/package_run_dependencies/my_minimal_pkg
[0.099s] -- Up-to-date: /root/ros2_ws/install/my_minimal_pkg/share/ament_index/resource_index/parent_prefix_path/my_minimal_pkg
[0.099s] -- Up-to-date: /root/ros2_ws/install/my_minimal_pkg/share/my_minimal_pkg/environment/ament_prefix_path.sh
[0.099s] -- Up-to-date: /root/ros2_ws/install/my_minimal_pkg/share/my_minimal_pkg/environment/ament_prefix_path.dsv
[0.100s] -- Up-to-date: /root/ros2_ws/install/my_minimal_pkg/share/my_minimal_pkg/environment/path.sh
[0.100s] -- Up-to-date: /root/ros2_ws/install/my_minimal_pkg/share/my_minimal_pkg/environment/path.dsv
[0.100s] -- Up-to-date: /root/ros2_ws/install/my_minimal_pkg/share/my_minimal_pkg/local_setup.bash
[0.100s] -- Up-to-date: /root/ros2_ws/install/my_minimal_pkg/share/my_minimal_pkg/local_setup.sh
[0.100s] -- Up-to-date: /root/ros2_ws/install/my_minimal_pkg/share/my_minimal_pkg/local_setup.zsh
[0.101s] -- Up-to-date: /root/ros2_ws/install/my_minimal_pkg/share/my_minimal_pkg/local_setup.dsv
[0.101s] -- Installing: /root/ros2_ws/install/my_minimal_pkg/share/my_minimal_pkg/package.dsv
[0.102s] -- Up-to-date: /root/ros2_ws/install/my_minimal_pkg/share/ament_index/resource_index/packages/my_minimal_pkg
[0.102s] -- Up-to-date: /root/ros2_ws/install/my_minimal_pkg/share/my_minimal_pkg/cmake/my_minimal_pkgConfig.cmake
[0.102s] -- Up-to-date: /root/ros2_ws/install/my_minimal_pkg/share/my_minimal_pkg/cmake/my_minimal_pkgConfig-version.cmake
[0.103s] -- Up-to-date: /root/ros2_ws/install/my_minimal_pkg/share/my_minimal_pkg/package.xml
[0.104s] Invoked command in '/root/ros2_ws/build/my_minimal_pkg' returned '0': /usr/bin/cmake --install /root/ros2_ws/build/my_minimal_pkg
