[0.092s] DEBUG:colcon:Command line arguments: ['/usr/bin/colcon', 'build', '--symlink-install']
[0.092s] DEBUG:colcon:Parsed command line arguments: Namespace(log_base=None, log_level=None, verb_name='build', build_base='build', install_base='install', merge_install=False, symlink_install=True, test_result_base=None, continue_on_error=False, executor='parallel', parallel_workers=12, event_handlers=None, ignore_user_meta=False, metas=['./colcon.meta'], base_paths=['.'], packages_ignore=None, packages_ignore_regex=None, paths=None, packages_up_to=None, packages_up_to_regex=None, packages_above=None, packages_above_and_dependencies=None, packages_above_depth=None, packages_select_by_dep=None, packages_skip_by_dep=None, packages_skip_up_to=None, packages_select_build_failed=False, packages_skip_build_finished=False, packages_select_test_failures=False, packages_skip_test_passed=False, packages_select=None, packages_skip=None, packages_select_regex=None, packages_skip_regex=None, packages_start=None, packages_end=None, allow_overriding=[], cmake_args=None, cmake_target=None, cmake_target_skip_unavailable=False, cmake_clean_cache=False, cmake_clean_first=False, cmake_force_configure=False, ament_cmake_args=None, catkin_cmake_args=None, catkin_skip_building_tests=False, verb_parser=<colcon_defaults.argument_parser.defaults.DefaultArgumentsDecorator object at 0xffff939f4640>, verb_extension=<colcon_core.verb.build.BuildVerb object at 0xffff939f41f0>, main=<bound method BuildVerb.main of <colcon_core.verb.build.BuildVerb object at 0xffff939f41f0>>)
[0.162s] Level 1:colcon.colcon_core.package_discovery:discover_packages(colcon_meta) check parameters
[0.162s] Level 1:colcon.colcon_core.package_discovery:discover_packages(recursive) check parameters
[0.162s] Level 1:colcon.colcon_core.package_discovery:discover_packages(ignore) check parameters
[0.162s] Level 1:colcon.colcon_core.package_discovery:discover_packages(path) check parameters
[0.162s] Level 1:colcon.colcon_core.package_discovery:discover_packages(colcon_meta) discover
[0.162s] Level 1:colcon.colcon_core.package_discovery:discover_packages(recursive) discover
[0.162s] INFO:colcon.colcon_core.package_discovery:Crawling recursively for packages in '/root/ros2_ws'
[0.163s] Level 1:colcon.colcon_core.package_identification:_identify(.) by extensions ['ignore', 'ignore_ament_install']
[0.163s] Level 1:colcon.colcon_core.package_identification:_identify(.) by extension 'ignore'
[0.163s] Level 1:colcon.colcon_core.package_identification:_identify(.) by extension 'ignore_ament_install'
[0.163s] Level 1:colcon.colcon_core.package_identification:_identify(.) by extensions ['colcon_pkg']
[0.163s] Level 1:colcon.colcon_core.package_identification:_identify(.) by extension 'colcon_pkg'
[0.163s] Level 1:colcon.colcon_core.package_identification:_identify(.) by extensions ['colcon_meta']
[0.163s] Level 1:colcon.colcon_core.package_identification:_identify(.) by extension 'colcon_meta'
[0.163s] Level 1:colcon.colcon_core.package_identification:_identify(.) by extensions ['ros']
[0.163s] Level 1:colcon.colcon_core.package_identification:_identify(.) by extension 'ros'
[0.171s] Level 1:colcon.colcon_core.package_identification:_identify(.) by extensions ['cmake', 'python']
[0.171s] Level 1:colcon.colcon_core.package_identification:_identify(.) by extension 'cmake'
[0.171s] Level 1:colcon.colcon_core.package_identification:_identify(.) by extension 'python'
[0.171s] Level 1:colcon.colcon_core.package_identification:_identify(.) by extensions ['python_setup_py']
[0.171s] Level 1:colcon.colcon_core.package_identification:_identify(.) by extension 'python_setup_py'
[0.171s] Level 1:colcon.colcon_core.package_identification:_identify(build) by extensions ['ignore', 'ignore_ament_install']
[0.171s] Level 1:colcon.colcon_core.package_identification:_identify(build) by extension 'ignore'
[0.171s] Level 1:colcon.colcon_core.package_identification:_identify(build) ignored
[0.171s] Level 1:colcon.colcon_core.package_identification:_identify(install) by extensions ['ignore', 'ignore_ament_install']
[0.172s] Level 1:colcon.colcon_core.package_identification:_identify(install) by extension 'ignore'
[0.172s] Level 1:colcon.colcon_core.package_identification:_identify(install) ignored
[0.172s] Level 1:colcon.colcon_core.package_identification:_identify(log) by extensions ['ignore', 'ignore_ament_install']
[0.172s] Level 1:colcon.colcon_core.package_identification:_identify(log) by extension 'ignore'
[0.172s] Level 1:colcon.colcon_core.package_identification:_identify(log) ignored
[0.172s] Level 1:colcon.colcon_core.package_identification:_identify(src) by extensions ['ignore', 'ignore_ament_install']
[0.172s] Level 1:colcon.colcon_core.package_identification:_identify(src) by extension 'ignore'
[0.172s] Level 1:colcon.colcon_core.package_identification:_identify(src) by extension 'ignore_ament_install'
[0.173s] Level 1:colcon.colcon_core.package_identification:_identify(src) by extensions ['colcon_pkg']
[0.173s] Level 1:colcon.colcon_core.package_identification:_identify(src) by extension 'colcon_pkg'
[0.173s] Level 1:colcon.colcon_core.package_identification:_identify(src) by extensions ['colcon_meta']
[0.173s] Level 1:colcon.colcon_core.package_identification:_identify(src) by extension 'colcon_meta'
[0.173s] Level 1:colcon.colcon_core.package_identification:_identify(src) by extensions ['ros']
[0.173s] Level 1:colcon.colcon_core.package_identification:_identify(src) by extension 'ros'
[0.174s] DEBUG:colcon.colcon_core.package_identification:Package 'src' with type 'ros.catkin' and name 'my_minimal_pkg'
[0.174s] Level 1:colcon.colcon_core.package_discovery:discover_packages(recursive) using defaults
[0.174s] Level 1:colcon.colcon_core.package_discovery:discover_packages(ignore) discover
[0.174s] Level 1:colcon.colcon_core.package_discovery:discover_packages(ignore) using defaults
[0.174s] Level 1:colcon.colcon_core.package_discovery:discover_packages(path) discover
[0.174s] Level 1:colcon.colcon_core.package_discovery:discover_packages(path) using defaults
[0.187s] Level 1:colcon.colcon_core.package_discovery:discover_packages(prefix_path) check parameters
[0.187s] Level 1:colcon.colcon_core.package_discovery:discover_packages(prefix_path) discover
[0.188s] DEBUG:colcon.colcon_installed_package_information.package_discovery:Found 144 installed packages in /opt/ros/humble
[0.188s] Level 1:colcon.colcon_core.package_discovery:discover_packages(prefix_path) using defaults
[0.197s] Level 5:colcon.colcon_core.verb:set package 'my_minimal_pkg' build argument 'cmake_args' from command line to 'None'
[0.197s] Level 5:colcon.colcon_core.verb:set package 'my_minimal_pkg' build argument 'cmake_target' from command line to 'None'
[0.197s] Level 5:colcon.colcon_core.verb:set package 'my_minimal_pkg' build argument 'cmake_target_skip_unavailable' from command line to 'False'
[0.197s] Level 5:colcon.colcon_core.verb:set package 'my_minimal_pkg' build argument 'cmake_clean_cache' from command line to 'False'
[0.197s] Level 5:colcon.colcon_core.verb:set package 'my_minimal_pkg' build argument 'cmake_clean_first' from command line to 'False'
[0.197s] Level 5:colcon.colcon_core.verb:set package 'my_minimal_pkg' build argument 'cmake_force_configure' from command line to 'False'
[0.197s] Level 5:colcon.colcon_core.verb:set package 'my_minimal_pkg' build argument 'ament_cmake_args' from command line to 'None'
[0.197s] Level 5:colcon.colcon_core.verb:set package 'my_minimal_pkg' build argument 'catkin_cmake_args' from command line to 'None'
[0.197s] Level 5:colcon.colcon_core.verb:set package 'my_minimal_pkg' build argument 'catkin_skip_building_tests' from command line to 'False'
[0.197s] DEBUG:colcon.colcon_core.verb:Building package 'my_minimal_pkg' with the following arguments: {'ament_cmake_args': None, 'build_base': '/root/ros2_ws/build/my_minimal_pkg', 'catkin_cmake_args': None, 'catkin_skip_building_tests': False, 'cmake_args': None, 'cmake_clean_cache': False, 'cmake_clean_first': False, 'cmake_force_configure': False, 'cmake_target': None, 'cmake_target_skip_unavailable': False, 'install_base': '/root/ros2_ws/install/my_minimal_pkg', 'merge_install': False, 'path': '/root/ros2_ws/src', 'symlink_install': True, 'test_result_base': None}
[0.197s] INFO:colcon.colcon_core.executor:Executing jobs using 'parallel' executor
[0.198s] DEBUG:colcon.colcon_parallel_executor.executor.parallel:run_until_complete
[0.198s] INFO:colcon.colcon_ros.task.catkin.build:Building ROS package in '/root/ros2_ws/src' with build type 'catkin'
[0.198s] INFO:colcon.colcon_cmake.task.cmake.build:Building CMake package in '/root/ros2_ws/src'
[0.199s] INFO:colcon.colcon_core.plugin_system:Skipping extension 'colcon_core.shell.bat': Not used on non-Windows systems
[0.199s] INFO:colcon.colcon_core.shell:Skip shell extension 'powershell' for command environment: Not usable outside of PowerShell
[0.199s] DEBUG:colcon.colcon_core.shell:Skip shell extension 'dsv' for command environment
[0.206s] DEBUG:colcon.colcon_core.event_handler.log_command:Invoking command in '/root/ros2_ws/build/my_minimal_pkg': /usr/bin/cmake /root/ros2_ws/src -DCATKIN_INSTALL_INTO_PREFIX_ROOT=0 -DCATKIN_SYMLINK_INSTALL=ON -DCMAKE_INSTALL_PREFIX=/root/ros2_ws/install/my_minimal_pkg
[0.818s] DEBUG:colcon.colcon_core.event_handler.log_command:Invoked command in '/root/ros2_ws/build/my_minimal_pkg' returned '0': /usr/bin/cmake /root/ros2_ws/src -DCATKIN_INSTALL_INTO_PREFIX_ROOT=0 -DCATKIN_SYMLINK_INSTALL=ON -DCMAKE_INSTALL_PREFIX=/root/ros2_ws/install/my_minimal_pkg
[0.820s] DEBUG:colcon.colcon_core.event_handler.log_command:Invoking command in '/root/ros2_ws/build/my_minimal_pkg': /usr/bin/cmake --build /root/ros2_ws/build/my_minimal_pkg -- -j12 -l12
[2.593s] DEBUG:colcon.colcon_core.event_handler.log_command:Invoked command in '/root/ros2_ws/build/my_minimal_pkg' returned '0': /usr/bin/cmake --build /root/ros2_ws/build/my_minimal_pkg -- -j12 -l12
[2.598s] DEBUG:colcon.colcon_core.event_handler.log_command:Invoking command in '/root/ros2_ws/build/my_minimal_pkg': /usr/bin/cmake --install /root/ros2_ws/build/my_minimal_pkg
[2.629s] DEBUG:colcon.colcon_core.event_handler.log_command:Invoked command in '/root/ros2_ws/build/my_minimal_pkg' returned '0': /usr/bin/cmake --install /root/ros2_ws/build/my_minimal_pkg
[2.629s] Level 1:colcon.colcon_core.shell:create_environment_hook('my_minimal_pkg', 'ros_package_path')
[2.629s] INFO:colcon.colcon_core.shell:Creating environment hook '/root/ros2_ws/install/my_minimal_pkg/share/my_minimal_pkg/hook/ros_package_path.ps1'
[2.630s] INFO:colcon.colcon_core.shell:Creating environment descriptor '/root/ros2_ws/install/my_minimal_pkg/share/my_minimal_pkg/hook/ros_package_path.dsv'
[2.630s] INFO:colcon.colcon_core.shell:Creating environment hook '/root/ros2_ws/install/my_minimal_pkg/share/my_minimal_pkg/hook/ros_package_path.sh'
[2.631s] Level 1:colcon.colcon_core.shell:create_environment_hook('my_minimal_pkg', 'pkg_config_path')
[2.631s] INFO:colcon.colcon_core.shell:Creating environment hook '/root/ros2_ws/install/my_minimal_pkg/share/my_minimal_pkg/hook/pkg_config_path.ps1'
[2.631s] INFO:colcon.colcon_core.shell:Creating environment descriptor '/root/ros2_ws/install/my_minimal_pkg/share/my_minimal_pkg/hook/pkg_config_path.dsv'
[2.632s] INFO:colcon.colcon_core.shell:Creating environment hook '/root/ros2_ws/install/my_minimal_pkg/share/my_minimal_pkg/hook/pkg_config_path.sh'
[2.633s] Level 1:colcon.colcon_core.shell:create_environment_hook('my_minimal_pkg', 'pkg_config_path_multiarch')
[2.633s] INFO:colcon.colcon_core.shell:Creating environment hook '/root/ros2_ws/install/my_minimal_pkg/share/my_minimal_pkg/hook/pkg_config_path_multiarch.ps1'
[2.634s] INFO:colcon.colcon_core.shell:Creating environment descriptor '/root/ros2_ws/install/my_minimal_pkg/share/my_minimal_pkg/hook/pkg_config_path_multiarch.dsv'
[2.634s] INFO:colcon.colcon_core.shell:Creating environment hook '/root/ros2_ws/install/my_minimal_pkg/share/my_minimal_pkg/hook/pkg_config_path_multiarch.sh'
[2.635s] Level 1:colcon.colcon_core.environment:create_environment_scripts_only(my_minimal_pkg)
[2.636s] Level 1:colcon.colcon_core.environment:checking '/root/ros2_ws/install/my_minimal_pkg' for CMake module files
[2.637s] Level 1:colcon.colcon_core.environment:checking '/root/ros2_ws/install/my_minimal_pkg' for CMake config files
[2.638s] Level 1:colcon.colcon_core.shell:create_environment_hook('my_minimal_pkg', 'cmake_prefix_path')
[2.638s] INFO:colcon.colcon_core.shell:Creating environment hook '/root/ros2_ws/install/my_minimal_pkg/share/my_minimal_pkg/hook/cmake_prefix_path.ps1'
[2.639s] INFO:colcon.colcon_core.shell:Creating environment descriptor '/root/ros2_ws/install/my_minimal_pkg/share/my_minimal_pkg/hook/cmake_prefix_path.dsv'
[2.639s] INFO:colcon.colcon_core.shell:Creating environment hook '/root/ros2_ws/install/my_minimal_pkg/share/my_minimal_pkg/hook/cmake_prefix_path.sh'
[2.640s] Level 1:colcon.colcon_core.environment:checking '/root/ros2_ws/install/my_minimal_pkg/lib'
[2.640s] Level 1:colcon.colcon_core.environment:checking '/root/ros2_ws/install/my_minimal_pkg/bin'
[2.640s] Level 1:colcon.colcon_core.environment:checking '/root/ros2_ws/install/my_minimal_pkg/lib/pkgconfig/my_minimal_pkg.pc'
[2.640s] Level 1:colcon.colcon_core.environment:checking '/root/ros2_ws/install/my_minimal_pkg/lib/python3.10/site-packages'
[2.640s] Level 1:colcon.colcon_core.environment:checking '/root/ros2_ws/install/my_minimal_pkg/bin'
[2.640s] INFO:colcon.colcon_core.shell:Creating package script '/root/ros2_ws/install/my_minimal_pkg/share/my_minimal_pkg/package.ps1'
[2.641s] INFO:colcon.colcon_core.shell:Creating package descriptor '/root/ros2_ws/install/my_minimal_pkg/share/my_minimal_pkg/package.dsv'
[2.641s] INFO:colcon.colcon_core.shell:Creating package script '/root/ros2_ws/install/my_minimal_pkg/share/my_minimal_pkg/package.sh'
[2.642s] INFO:colcon.colcon_core.shell:Creating package script '/root/ros2_ws/install/my_minimal_pkg/share/my_minimal_pkg/package.bash'
[2.642s] INFO:colcon.colcon_core.shell:Creating package script '/root/ros2_ws/install/my_minimal_pkg/share/my_minimal_pkg/package.zsh'
[2.643s] Level 1:colcon.colcon_core.environment:create_file_with_runtime_dependencies(/root/ros2_ws/install/my_minimal_pkg/share/colcon-core/packages/my_minimal_pkg)
[2.644s] DEBUG:colcon.colcon_parallel_executor.executor.parallel:closing loop
[2.644s] DEBUG:colcon.colcon_parallel_executor.executor.parallel:loop closed
[2.644s] DEBUG:colcon.colcon_parallel_executor.executor.parallel:run_until_complete finished with '0'
[2.644s] DEBUG:colcon.colcon_core.event_reactor:joining thread
[2.647s] INFO:colcon.colcon_core.plugin_system:Skipping extension 'colcon_notification.desktop_notification.notify_send': Could not find 'notify-send'
[2.648s] INFO:colcon.colcon_core.plugin_system:Skipping extension 'colcon_notification.desktop_notification.terminal_notifier': Not used on non-Darwin systems
[2.648s] INFO:colcon.colcon_core.plugin_system:Skipping extension 'colcon_notification.desktop_notification.win32': Not used on non-Windows systems
[2.648s] INFO:colcon.colcon_notification.desktop_notification:Sending desktop notification using 'notify2'
[2.648s] DEBUG:colcon.colcon_notification.desktop_notification.notify2:Failed to initialize notify2: org.freedesktop.DBus.Error.NotSupported: Unable to autolaunch a dbus-daemon without a $DISPLAY for X11
[2.648s] DEBUG:colcon.colcon_core.event_reactor:joined thread
[2.648s] INFO:colcon.colcon_core.shell:Creating prefix script '/root/ros2_ws/install/local_setup.ps1'
[2.649s] INFO:colcon.colcon_core.shell:Creating prefix util module '/root/ros2_ws/install/_local_setup_util_ps1.py'
[2.649s] INFO:colcon.colcon_core.shell:Creating prefix chain script '/root/ros2_ws/install/setup.ps1'
[2.650s] INFO:colcon.colcon_core.shell:Creating prefix script '/root/ros2_ws/install/local_setup.sh'
[2.650s] INFO:colcon.colcon_core.shell:Creating prefix util module '/root/ros2_ws/install/_local_setup_util_sh.py'
[2.651s] INFO:colcon.colcon_core.shell:Creating prefix chain script '/root/ros2_ws/install/setup.sh'
[2.651s] INFO:colcon.colcon_core.shell:Creating prefix script '/root/ros2_ws/install/local_setup.bash'
[2.652s] INFO:colcon.colcon_core.shell:Creating prefix chain script '/root/ros2_ws/install/setup.bash'
[2.652s] INFO:colcon.colcon_core.shell:Creating prefix script '/root/ros2_ws/install/local_setup.zsh'
[2.653s] INFO:colcon.colcon_core.shell:Creating prefix chain script '/root/ros2_ws/install/setup.zsh'
